<?xml version="1.0" encoding="UTF-8"?>
<!-- Generated by org.testng.reporters.JUnitXMLReporter -->
<testsuite ignored="0" hostname="Dhanashri" failures="0" tests="3" name="Default test" time="0.06" errors="0" timestamp="2025-02-23T11:40:35 IST">
  <testcase classname="test.DataProviderPractice" name="LoginCheck" time="0.012"/>
  <testcase classname="test.DataProviderPractice" name="LoginCheck" time="0.001"/>
  <testcase classname="test.DataProviderPractice" name="LoginCheck" time="0.002"/>
</testsuite> <!-- Default test -->
