<?xml version="1.0" encoding="UTF-8"?>
<!-- Generated by org.testng.reporters.JUnitXMLReporter -->
<testsuite ignored="0" hostname="Dhanashri" failures="0" tests="4" name="Benifits" time="0.019" errors="0" timestamp="2025-02-20T10:50:27 IST">
  <testcase classname="test.Benifits" name="BenifitsCreateSalary" time="0.002"/>
  <testcase classname="test.Benifits" name="BenifitsUpdateTheSalary" time="0.002"/>
  <testcase classname="test.SendoDemoClass" name="Ago" time="0.001"/>
  <testcase classname="test.SendoDemoClass" name="Ago2" time="0.001"/>
</testsuite> <!-- Benifits -->
