<?xml version="1.0" encoding="UTF-8"?>
<!-- Generated by org.testng.reporters.JUnitXMLReporter -->
<testsuite ignored="0" hostname="Dhanashri" failures="0" tests="4" name="ORC" time="0.069" errors="0" timestamp="2025-02-20T10:50:27 IST">
  <testcase classname="test.ORC" name="CleanUpopartion" time="0.01"/>
  <testcase classname="test.ORC" name="ORCCreateUserWith" time="0.003"/>
  <testcase classname="test.CoreHR" name="CoreHRCreateUserWith" time="0.002"/>
  <testcase classname="test.CoreHR" name="CoreHRRehireUserWith" time="0.002"/>
</testsuite> <!-- ORC -->
