<?xml version="1.0" encoding="UTF-8"?>
<!-- Generated by org.testng.reporters.JUnitXMLReporter -->
<testsuite ignored="0" hostname="Dhanashri" failures="1" tests="3" name="Regression3" time="0.033" errors="0" timestamp="2025-02-23T14:35:32 IST">
  <testcase classname="test.CoreHR" name="CoreHRCreateUserWith" time="0.002"/>
  <testcase classname="test.CoreHR" name="CoreHRRehireUserWith" time="0.002"/>
  <testcase classname="test.CoreHR" name="CoreHRUpdateFirstName" time="0.02">
    <failure type="java.lang.AssertionError" message="expected [true] but found [false]">
      <![CDATA[java.lang.AssertionError: expected [true] but found [false]
at test.CoreHR.CoreHRUpdateFirstName(CoreHR.java:24)
at java.base/java.util.ArrayList.forEach(ArrayList.java:1596)
... Removed 29 stack frames]]>
    </failure>
  </testcase> <!-- CoreHRUpdateFirstName -->
</testsuite> <!-- Regression3 -->
