<?xml version="1.0" encoding="UTF-8"?>
<!-- Generated by org.testng.reporters.JUnitXMLReporter -->
<testsuite ignored="0" hostname="Dhanashri" failures="0" tests="4" name="Regression" time="0.092" errors="0" timestamp="2025-02-23T14:35:31 IST">
  <testcase classname="test.Benifits" name="BenifitsCreateSalary" time="0.016"/>
  <testcase classname="test.Benifits" name="BenifitsUpdateTheSalary" time="0.007"/>
  <testcase classname="test.Benifits" name="beforeClass" time="0.002"/>
  <testcase classname="test.Benifits" name="beforeAlltheMethod" time="0.003"/>
</testsuite> <!-- Regression -->
